ERROR - 2025-09-08 11:56:04 --> Error connecting to the database: mysqli_sql_exception: Access denied for user ''@'localhost' (using password: NO) in C:\xampp\htdocs\CHAKANOKS\system\Database\MySQLi\Connection.php:201
Stack trace:
#0 C:\xampp\htdocs\CHAKANOKS\system\Database\MySQLi\Connection.php(201): mysqli->real_connect('localhost', '', Object(SensitiveParameterValue), '', 3306, '', 0)
#1 C:\xampp\htdocs\CHAKANOKS\system\Database\BaseConnection.php(419): CodeIgniter\Database\MySQLi\Connection->connect(false)
#2 C:\xampp\htdocs\CHAKANOKS\system\Database\BaseConnection.php(614): CodeIgniter\Database\BaseConnection->initialize()
#3 C:\xampp\htdocs\CHAKANOKS\system\Database\BaseConnection.php(1525): CodeIgniter\Database\BaseConnection->query('SHOW TABLES FRO...')
#4 C:\xampp\htdocs\CHAKANOKS\system\Database\BaseConnection.php(1545): CodeIgniter\Database\BaseConnection->listTables()
#5 C:\xampp\htdocs\CHAKANOKS\system\Database\MigrationRunner.php(768): CodeIgniter\Database\BaseConnection->tableExists('migrations')
#6 C:\xampp\htdocs\CHAKANOKS\system\Database\MigrationRunner.php(162): CodeIgniter\Database\MigrationRunner->ensureTable()
#7 C:\xampp\htdocs\CHAKANOKS\system\Commands\Database\Migrate.php(85): CodeIgniter\Database\MigrationRunner->latest(NULL)
#8 C:\xampp\htdocs\CHAKANOKS\system\CLI\Commands.php(74): CodeIgniter\Commands\Database\Migrate->run(Array)
#9 C:\xampp\htdocs\CHAKANOKS\system\CLI\Console.php(47): CodeIgniter\CLI\Commands->run('migrate', Array)
#10 C:\xampp\htdocs\CHAKANOKS\system\Boot.php(388): CodeIgniter\CLI\Console->run()
#11 C:\xampp\htdocs\CHAKANOKS\system\Boot.php(133): CodeIgniter\Boot::runCommand(Object(CodeIgniter\CLI\Console))
#12 C:\xampp\htdocs\CHAKANOKS\spark(87): CodeIgniter\Boot::bootSpark(Object(Config\Paths))
#13 {main}

Next CodeIgniter\Database\Exceptions\DatabaseException: Access denied for user ''@'localhost' (using password: NO) in C:\xampp\htdocs\CHAKANOKS\system\Database\MySQLi\Connection.php:246
Stack trace:
#0 C:\xampp\htdocs\CHAKANOKS\system\Database\BaseConnection.php(419): CodeIgniter\Database\MySQLi\Connection->connect(false)
#1 C:\xampp\htdocs\CHAKANOKS\system\Database\BaseConnection.php(614): CodeIgniter\Database\BaseConnection->initialize()
#2 C:\xampp\htdocs\CHAKANOKS\system\Database\BaseConnection.php(1525): CodeIgniter\Database\BaseConnection->query('SHOW TABLES FRO...')
#3 C:\xampp\htdocs\CHAKANOKS\system\Database\BaseConnection.php(1545): CodeIgniter\Database\BaseConnection->listTables()
#4 C:\xampp\htdocs\CHAKANOKS\system\Database\MigrationRunner.php(768): CodeIgniter\Database\BaseConnection->tableExists('migrations')
#5 C:\xampp\htdocs\CHAKANOKS\system\Database\MigrationRunner.php(162): CodeIgniter\Database\MigrationRunner->ensureTable()
#6 C:\xampp\htdocs\CHAKANOKS\system\Commands\Database\Migrate.php(85): CodeIgniter\Database\MigrationRunner->latest(NULL)
#7 C:\xampp\htdocs\CHAKANOKS\system\CLI\Commands.php(74): CodeIgniter\Commands\Database\Migrate->run(Array)
#8 C:\xampp\htdocs\CHAKANOKS\system\CLI\Console.php(47): CodeIgniter\CLI\Commands->run('migrate', Array)
#9 C:\xampp\htdocs\CHAKANOKS\system\Boot.php(388): CodeIgniter\CLI\Console->run()
#10 C:\xampp\htdocs\CHAKANOKS\system\Boot.php(133): CodeIgniter\Boot::runCommand(Object(CodeIgniter\CLI\Console))
#11 C:\xampp\htdocs\CHAKANOKS\spark(87): CodeIgniter\Boot::bootSpark(Object(Config\Paths))
#12 {main}
ERROR - 2025-09-08 13:27:42 --> Error connecting to the database: mysqli_sql_exception: Access denied for user 'root'@'localhost' (using password: NO) in C:\xampp1\htdocs\CHAKANOKS\system\Database\MySQLi\Connection.php:202
Stack trace:
#0 C:\xampp1\htdocs\CHAKANOKS\system\Database\MySQLi\Connection.php(202): mysqli->real_connect('localhost', 'root', '', 'chakanoks_db', 3306, '', 0)
#1 C:\xampp1\htdocs\CHAKANOKS\system\Database\BaseConnection.php(419): CodeIgniter\Database\MySQLi\Connection->connect(false)
#2 C:\xampp1\htdocs\CHAKANOKS\system\Database\BaseConnection.php(614): CodeIgniter\Database\BaseConnection->initialize()
#3 C:\xampp1\htdocs\CHAKANOKS\system\Database\BaseBuilder.php(1649): CodeIgniter\Database\BaseConnection->query('SELECT *\nFROM `...', Array, false)
#4 C:\xampp1\htdocs\CHAKANOKS\system\Model.php(330): CodeIgniter\Database\BaseBuilder->get()
#5 C:\xampp1\htdocs\CHAKANOKS\system\BaseModel.php(715): CodeIgniter\Model->doFirst()
#6 C:\xampp1\htdocs\CHAKANOKS\app\Controllers\Auth.php(20): CodeIgniter\BaseModel->first()
#7 C:\xampp1\htdocs\CHAKANOKS\system\CodeIgniter.php(933): App\Controllers\Auth->doLogin()
#8 C:\xampp1\htdocs\CHAKANOKS\system\CodeIgniter.php(507): CodeIgniter\CodeIgniter->runController(Object(App\Controllers\Auth))
#9 C:\xampp1\htdocs\CHAKANOKS\system\CodeIgniter.php(354): CodeIgniter\CodeIgniter->handleRequest(NULL, Object(Config\Cache), false)
#10 C:\xampp1\htdocs\CHAKANOKS\system\Boot.php(363): CodeIgniter\CodeIgniter->run()
#11 C:\xampp1\htdocs\CHAKANOKS\system\Boot.php(68): CodeIgniter\Boot::runCodeIgniter(Object(CodeIgniter\CodeIgniter))
#12 C:\xampp1\htdocs\CHAKANOKS\index.php(59): CodeIgniter\Boot::bootWeb(Object(Config\Paths))
#13 {main}

Next CodeIgniter\Database\Exceptions\DatabaseException: Access denied for user '****'@'localhost' (using password: NO) in C:\xampp1\htdocs\CHAKANOKS\system\Database\MySQLi\Connection.php:246
Stack trace:
#0 C:\xampp1\htdocs\CHAKANOKS\system\Database\BaseConnection.php(419): CodeIgniter\Database\MySQLi\Connection->connect(false)
#1 C:\xampp1\htdocs\CHAKANOKS\system\Database\BaseConnection.php(614): CodeIgniter\Database\BaseConnection->initialize()
#2 C:\xampp1\htdocs\CHAKANOKS\system\Database\BaseBuilder.php(1649): CodeIgniter\Database\BaseConnection->query('SELECT *\nFROM `...', Array, false)
#3 C:\xampp1\htdocs\CHAKANOKS\system\Model.php(330): CodeIgniter\Database\BaseBuilder->get()
#4 C:\xampp1\htdocs\CHAKANOKS\system\BaseModel.php(715): CodeIgniter\Model->doFirst()
#5 C:\xampp1\htdocs\CHAKANOKS\app\Controllers\Auth.php(20): CodeIgniter\BaseModel->first()
#6 C:\xampp1\htdocs\CHAKANOKS\system\CodeIgniter.php(933): App\Controllers\Auth->doLogin()
#7 C:\xampp1\htdocs\CHAKANOKS\system\CodeIgniter.php(507): CodeIgniter\CodeIgniter->runController(Object(App\Controllers\Auth))
#8 C:\xampp1\htdocs\CHAKANOKS\system\CodeIgniter.php(354): CodeIgniter\CodeIgniter->handleRequest(NULL, Object(Config\Cache), false)
#9 C:\xampp1\htdocs\CHAKANOKS\system\Boot.php(363): CodeIgniter\CodeIgniter->run()
#10 C:\xampp1\htdocs\CHAKANOKS\system\Boot.php(68): CodeIgniter\Boot::runCodeIgniter(Object(CodeIgniter\CodeIgniter))
#11 C:\xampp1\htdocs\CHAKANOKS\index.php(59): CodeIgniter\Boot::bootWeb(Object(Config\Paths))
#12 {main}
CRITICAL - 2025-09-08 13:27:42 --> CodeIgniter\Database\Exceptions\DatabaseException: Unable to connect to the database.
Main connection [MySQLi]: Access denied for user '****'@'localhost' (using password: NO)
[Method: POST, Route: login]
in SYSTEMPATH\Database\BaseConnection.php on line 465.
 1 SYSTEMPATH\Database\BaseConnection.php(614): CodeIgniter\Database\BaseConnection->initialize()
 2 SYSTEMPATH\Database\BaseBuilder.php(1649): CodeIgniter\Database\BaseConnection->query('SELECT *
FROM `users`
WHERE `username` = :username:
 LIMIT 1', [...], false)
 3 SYSTEMPATH\Model.php(330): CodeIgniter\Database\BaseBuilder->get()
 4 SYSTEMPATH\BaseModel.php(715): CodeIgniter\Model->doFirst()
 5 APPPATH\Controllers\Auth.php(20): CodeIgniter\BaseModel->first()
 6 SYSTEMPATH\CodeIgniter.php(933): App\Controllers\Auth->doLogin()
 7 SYSTEMPATH\CodeIgniter.php(507): CodeIgniter\CodeIgniter->runController(Object(App\Controllers\Auth))
 8 SYSTEMPATH\CodeIgniter.php(354): CodeIgniter\CodeIgniter->handleRequest(null, Object(Config\Cache), false)
 9 SYSTEMPATH\Boot.php(363): CodeIgniter\CodeIgniter->run()
10 SYSTEMPATH\Boot.php(68): CodeIgniter\Boot::runCodeIgniter(Object(CodeIgniter\CodeIgniter))
11 FCPATH\index.php(59): CodeIgniter\Boot::bootWeb(Object(Config\Paths))
ERROR - 2025-09-08 13:27:45 --> Error connecting to the database: mysqli_sql_exception: Access denied for user 'root'@'localhost' (using password: NO) in C:\xampp1\htdocs\CHAKANOKS\system\Database\MySQLi\Connection.php:202
Stack trace:
#0 C:\xampp1\htdocs\CHAKANOKS\system\Database\MySQLi\Connection.php(202): mysqli->real_connect('localhost', 'root', '', 'chakanoks_db', 3306, '', 0)
#1 C:\xampp1\htdocs\CHAKANOKS\system\Database\BaseConnection.php(419): CodeIgniter\Database\MySQLi\Connection->connect(false)
#2 C:\xampp1\htdocs\CHAKANOKS\system\Database\BaseConnection.php(614): CodeIgniter\Database\BaseConnection->initialize()
#3 C:\xampp1\htdocs\CHAKANOKS\system\Database\BaseBuilder.php(1649): CodeIgniter\Database\BaseConnection->query('SELECT *\nFROM `...', Array, false)
#4 C:\xampp1\htdocs\CHAKANOKS\system\Model.php(330): CodeIgniter\Database\BaseBuilder->get()
#5 C:\xampp1\htdocs\CHAKANOKS\system\BaseModel.php(715): CodeIgniter\Model->doFirst()
#6 C:\xampp1\htdocs\CHAKANOKS\app\Controllers\Auth.php(20): CodeIgniter\BaseModel->first()
#7 C:\xampp1\htdocs\CHAKANOKS\system\CodeIgniter.php(933): App\Controllers\Auth->doLogin()
#8 C:\xampp1\htdocs\CHAKANOKS\system\CodeIgniter.php(507): CodeIgniter\CodeIgniter->runController(Object(App\Controllers\Auth))
#9 C:\xampp1\htdocs\CHAKANOKS\system\CodeIgniter.php(354): CodeIgniter\CodeIgniter->handleRequest(NULL, Object(Config\Cache), false)
#10 C:\xampp1\htdocs\CHAKANOKS\system\Boot.php(363): CodeIgniter\CodeIgniter->run()
#11 C:\xampp1\htdocs\CHAKANOKS\system\Boot.php(68): CodeIgniter\Boot::runCodeIgniter(Object(CodeIgniter\CodeIgniter))
#12 C:\xampp1\htdocs\CHAKANOKS\index.php(59): CodeIgniter\Boot::bootWeb(Object(Config\Paths))
#13 {main}

Next CodeIgniter\Database\Exceptions\DatabaseException: Access denied for user '****'@'localhost' (using password: NO) in C:\xampp1\htdocs\CHAKANOKS\system\Database\MySQLi\Connection.php:246
Stack trace:
#0 C:\xampp1\htdocs\CHAKANOKS\system\Database\BaseConnection.php(419): CodeIgniter\Database\MySQLi\Connection->connect(false)
#1 C:\xampp1\htdocs\CHAKANOKS\system\Database\BaseConnection.php(614): CodeIgniter\Database\BaseConnection->initialize()
#2 C:\xampp1\htdocs\CHAKANOKS\system\Database\BaseBuilder.php(1649): CodeIgniter\Database\BaseConnection->query('SELECT *\nFROM `...', Array, false)
#3 C:\xampp1\htdocs\CHAKANOKS\system\Model.php(330): CodeIgniter\Database\BaseBuilder->get()
#4 C:\xampp1\htdocs\CHAKANOKS\system\BaseModel.php(715): CodeIgniter\Model->doFirst()
#5 C:\xampp1\htdocs\CHAKANOKS\app\Controllers\Auth.php(20): CodeIgniter\BaseModel->first()
#6 C:\xampp1\htdocs\CHAKANOKS\system\CodeIgniter.php(933): App\Controllers\Auth->doLogin()
#7 C:\xampp1\htdocs\CHAKANOKS\system\CodeIgniter.php(507): CodeIgniter\CodeIgniter->runController(Object(App\Controllers\Auth))
#8 C:\xampp1\htdocs\CHAKANOKS\system\CodeIgniter.php(354): CodeIgniter\CodeIgniter->handleRequest(NULL, Object(Config\Cache), false)
#9 C:\xampp1\htdocs\CHAKANOKS\system\Boot.php(363): CodeIgniter\CodeIgniter->run()
#10 C:\xampp1\htdocs\CHAKANOKS\system\Boot.php(68): CodeIgniter\Boot::runCodeIgniter(Object(CodeIgniter\CodeIgniter))
#11 C:\xampp1\htdocs\CHAKANOKS\index.php(59): CodeIgniter\Boot::bootWeb(Object(Config\Paths))
#12 {main}
CRITICAL - 2025-09-08 13:27:45 --> CodeIgniter\Database\Exceptions\DatabaseException: Unable to connect to the database.
Main connection [MySQLi]: Access denied for user '****'@'localhost' (using password: NO)
[Method: POST, Route: login]
in SYSTEMPATH\Database\BaseConnection.php on line 465.
 1 SYSTEMPATH\Database\BaseConnection.php(614): CodeIgniter\Database\BaseConnection->initialize()
 2 SYSTEMPATH\Database\BaseBuilder.php(1649): CodeIgniter\Database\BaseConnection->query('SELECT *
FROM `users`
WHERE `username` = :username:
 LIMIT 1', [...], false)
 3 SYSTEMPATH\Model.php(330): CodeIgniter\Database\BaseBuilder->get()
 4 SYSTEMPATH\BaseModel.php(715): CodeIgniter\Model->doFirst()
 5 APPPATH\Controllers\Auth.php(20): CodeIgniter\BaseModel->first()
 6 SYSTEMPATH\CodeIgniter.php(933): App\Controllers\Auth->doLogin()
 7 SYSTEMPATH\CodeIgniter.php(507): CodeIgniter\CodeIgniter->runController(Object(App\Controllers\Auth))
 8 SYSTEMPATH\CodeIgniter.php(354): CodeIgniter\CodeIgniter->handleRequest(null, Object(Config\Cache), false)
 9 SYSTEMPATH\Boot.php(363): CodeIgniter\CodeIgniter->run()
10 SYSTEMPATH\Boot.php(68): CodeIgniter\Boot::runCodeIgniter(Object(CodeIgniter\CodeIgniter))
11 FCPATH\index.php(59): CodeIgniter\Boot::bootWeb(Object(Config\Paths))
ERROR - 2025-09-08 13:57:06 --> Error connecting to the database: mysqli_sql_exception: Access denied for user 'root'@'localhost' (using password: NO) in C:\xampp1\htdocs\CHAKANOKS\system\Database\MySQLi\Connection.php:202
Stack trace:
#0 C:\xampp1\htdocs\CHAKANOKS\system\Database\MySQLi\Connection.php(202): mysqli->real_connect('localhost', 'root', '', 'chakanoks_db', 3306, '', 0)
#1 C:\xampp1\htdocs\CHAKANOKS\system\Database\BaseConnection.php(419): CodeIgniter\Database\MySQLi\Connection->connect(false)
#2 C:\xampp1\htdocs\CHAKANOKS\system\Database\BaseConnection.php(614): CodeIgniter\Database\BaseConnection->initialize()
#3 C:\xampp1\htdocs\CHAKANOKS\system\Database\BaseBuilder.php(1649): CodeIgniter\Database\BaseConnection->query('SELECT *\nFROM `...', Array, false)
#4 C:\xampp1\htdocs\CHAKANOKS\system\Model.php(330): CodeIgniter\Database\BaseBuilder->get()
#5 C:\xampp1\htdocs\CHAKANOKS\system\BaseModel.php(715): CodeIgniter\Model->doFirst()
#6 C:\xampp1\htdocs\CHAKANOKS\app\Controllers\Auth.php(20): CodeIgniter\BaseModel->first()
#7 C:\xampp1\htdocs\CHAKANOKS\system\CodeIgniter.php(933): App\Controllers\Auth->doLogin()
#8 C:\xampp1\htdocs\CHAKANOKS\system\CodeIgniter.php(507): CodeIgniter\CodeIgniter->runController(Object(App\Controllers\Auth))
#9 C:\xampp1\htdocs\CHAKANOKS\system\CodeIgniter.php(354): CodeIgniter\CodeIgniter->handleRequest(NULL, Object(Config\Cache), false)
#10 C:\xampp1\htdocs\CHAKANOKS\system\Boot.php(363): CodeIgniter\CodeIgniter->run()
#11 C:\xampp1\htdocs\CHAKANOKS\system\Boot.php(68): CodeIgniter\Boot::runCodeIgniter(Object(CodeIgniter\CodeIgniter))
#12 C:\xampp1\htdocs\CHAKANOKS\index.php(59): CodeIgniter\Boot::bootWeb(Object(Config\Paths))
#13 {main}

Next CodeIgniter\Database\Exceptions\DatabaseException: Access denied for user '****'@'localhost' (using password: NO) in C:\xampp1\htdocs\CHAKANOKS\system\Database\MySQLi\Connection.php:246
Stack trace:
#0 C:\xampp1\htdocs\CHAKANOKS\system\Database\BaseConnection.php(419): CodeIgniter\Database\MySQLi\Connection->connect(false)
#1 C:\xampp1\htdocs\CHAKANOKS\system\Database\BaseConnection.php(614): CodeIgniter\Database\BaseConnection->initialize()
#2 C:\xampp1\htdocs\CHAKANOKS\system\Database\BaseBuilder.php(1649): CodeIgniter\Database\BaseConnection->query('SELECT *\nFROM `...', Array, false)
#3 C:\xampp1\htdocs\CHAKANOKS\system\Model.php(330): CodeIgniter\Database\BaseBuilder->get()
#4 C:\xampp1\htdocs\CHAKANOKS\system\BaseModel.php(715): CodeIgniter\Model->doFirst()
#5 C:\xampp1\htdocs\CHAKANOKS\app\Controllers\Auth.php(20): CodeIgniter\BaseModel->first()
#6 C:\xampp1\htdocs\CHAKANOKS\system\CodeIgniter.php(933): App\Controllers\Auth->doLogin()
#7 C:\xampp1\htdocs\CHAKANOKS\system\CodeIgniter.php(507): CodeIgniter\CodeIgniter->runController(Object(App\Controllers\Auth))
#8 C:\xampp1\htdocs\CHAKANOKS\system\CodeIgniter.php(354): CodeIgniter\CodeIgniter->handleRequest(NULL, Object(Config\Cache), false)
#9 C:\xampp1\htdocs\CHAKANOKS\system\Boot.php(363): CodeIgniter\CodeIgniter->run()
#10 C:\xampp1\htdocs\CHAKANOKS\system\Boot.php(68): CodeIgniter\Boot::runCodeIgniter(Object(CodeIgniter\CodeIgniter))
#11 C:\xampp1\htdocs\CHAKANOKS\index.php(59): CodeIgniter\Boot::bootWeb(Object(Config\Paths))
#12 {main}
CRITICAL - 2025-09-08 13:57:06 --> CodeIgniter\Database\Exceptions\DatabaseException: Unable to connect to the database.
Main connection [MySQLi]: Access denied for user '****'@'localhost' (using password: NO)
[Method: POST, Route: login]
in SYSTEMPATH\Database\BaseConnection.php on line 465.
 1 SYSTEMPATH\Database\BaseConnection.php(614): CodeIgniter\Database\BaseConnection->initialize()
 2 SYSTEMPATH\Database\BaseBuilder.php(1649): CodeIgniter\Database\BaseConnection->query('SELECT *
FROM `users`
WHERE `username` = :username:
 LIMIT 1', [...], false)
 3 SYSTEMPATH\Model.php(330): CodeIgniter\Database\BaseBuilder->get()
 4 SYSTEMPATH\BaseModel.php(715): CodeIgniter\Model->doFirst()
 5 APPPATH\Controllers\Auth.php(20): CodeIgniter\BaseModel->first()
 6 SYSTEMPATH\CodeIgniter.php(933): App\Controllers\Auth->doLogin()
 7 SYSTEMPATH\CodeIgniter.php(507): CodeIgniter\CodeIgniter->runController(Object(App\Controllers\Auth))
 8 SYSTEMPATH\CodeIgniter.php(354): CodeIgniter\CodeIgniter->handleRequest(null, Object(Config\Cache), false)
 9 SYSTEMPATH\Boot.php(363): CodeIgniter\CodeIgniter->run()
10 SYSTEMPATH\Boot.php(68): CodeIgniter\Boot::runCodeIgniter(Object(CodeIgniter\CodeIgniter))
11 FCPATH\index.php(59): CodeIgniter\Boot::bootWeb(Object(Config\Paths))
ERROR - 2025-09-08 13:57:25 --> Error connecting to the database: mysqli_sql_exception: Access denied for user 'root'@'localhost' (using password: NO) in C:\xampp1\htdocs\CHAKANOKS\system\Database\MySQLi\Connection.php:202
Stack trace:
#0 C:\xampp1\htdocs\CHAKANOKS\system\Database\MySQLi\Connection.php(202): mysqli->real_connect('localhost', 'root', '', 'chakanoks_db', 3306, '', 0)
#1 C:\xampp1\htdocs\CHAKANOKS\system\Database\BaseConnection.php(419): CodeIgniter\Database\MySQLi\Connection->connect(false)
#2 C:\xampp1\htdocs\CHAKANOKS\system\Database\BaseConnection.php(614): CodeIgniter\Database\BaseConnection->initialize()
#3 C:\xampp1\htdocs\CHAKANOKS\system\Database\BaseBuilder.php(1649): CodeIgniter\Database\BaseConnection->query('SELECT *\nFROM `...', Array, false)
#4 C:\xampp1\htdocs\CHAKANOKS\system\Model.php(330): CodeIgniter\Database\BaseBuilder->get()
#5 C:\xampp1\htdocs\CHAKANOKS\system\BaseModel.php(715): CodeIgniter\Model->doFirst()
#6 C:\xampp1\htdocs\CHAKANOKS\app\Controllers\Auth.php(20): CodeIgniter\BaseModel->first()
#7 C:\xampp1\htdocs\CHAKANOKS\system\CodeIgniter.php(933): App\Controllers\Auth->doLogin()
#8 C:\xampp1\htdocs\CHAKANOKS\system\CodeIgniter.php(507): CodeIgniter\CodeIgniter->runController(Object(App\Controllers\Auth))
#9 C:\xampp1\htdocs\CHAKANOKS\system\CodeIgniter.php(354): CodeIgniter\CodeIgniter->handleRequest(NULL, Object(Config\Cache), false)
#10 C:\xampp1\htdocs\CHAKANOKS\system\Boot.php(363): CodeIgniter\CodeIgniter->run()
#11 C:\xampp1\htdocs\CHAKANOKS\system\Boot.php(68): CodeIgniter\Boot::runCodeIgniter(Object(CodeIgniter\CodeIgniter))
#12 C:\xampp1\htdocs\CHAKANOKS\index.php(59): CodeIgniter\Boot::bootWeb(Object(Config\Paths))
#13 {main}

Next CodeIgniter\Database\Exceptions\DatabaseException: Access denied for user '****'@'localhost' (using password: NO) in C:\xampp1\htdocs\CHAKANOKS\system\Database\MySQLi\Connection.php:246
Stack trace:
#0 C:\xampp1\htdocs\CHAKANOKS\system\Database\BaseConnection.php(419): CodeIgniter\Database\MySQLi\Connection->connect(false)
#1 C:\xampp1\htdocs\CHAKANOKS\system\Database\BaseConnection.php(614): CodeIgniter\Database\BaseConnection->initialize()
#2 C:\xampp1\htdocs\CHAKANOKS\system\Database\BaseBuilder.php(1649): CodeIgniter\Database\BaseConnection->query('SELECT *\nFROM `...', Array, false)
#3 C:\xampp1\htdocs\CHAKANOKS\system\Model.php(330): CodeIgniter\Database\BaseBuilder->get()
#4 C:\xampp1\htdocs\CHAKANOKS\system\BaseModel.php(715): CodeIgniter\Model->doFirst()
#5 C:\xampp1\htdocs\CHAKANOKS\app\Controllers\Auth.php(20): CodeIgniter\BaseModel->first()
#6 C:\xampp1\htdocs\CHAKANOKS\system\CodeIgniter.php(933): App\Controllers\Auth->doLogin()
#7 C:\xampp1\htdocs\CHAKANOKS\system\CodeIgniter.php(507): CodeIgniter\CodeIgniter->runController(Object(App\Controllers\Auth))
#8 C:\xampp1\htdocs\CHAKANOKS\system\CodeIgniter.php(354): CodeIgniter\CodeIgniter->handleRequest(NULL, Object(Config\Cache), false)
#9 C:\xampp1\htdocs\CHAKANOKS\system\Boot.php(363): CodeIgniter\CodeIgniter->run()
#10 C:\xampp1\htdocs\CHAKANOKS\system\Boot.php(68): CodeIgniter\Boot::runCodeIgniter(Object(CodeIgniter\CodeIgniter))
#11 C:\xampp1\htdocs\CHAKANOKS\index.php(59): CodeIgniter\Boot::bootWeb(Object(Config\Paths))
#12 {main}
CRITICAL - 2025-09-08 13:57:25 --> CodeIgniter\Database\Exceptions\DatabaseException: Unable to connect to the database.
Main connection [MySQLi]: Access denied for user '****'@'localhost' (using password: NO)
[Method: POST, Route: login]
in SYSTEMPATH\Database\BaseConnection.php on line 465.
 1 SYSTEMPATH\Database\BaseConnection.php(614): CodeIgniter\Database\BaseConnection->initialize()
 2 SYSTEMPATH\Database\BaseBuilder.php(1649): CodeIgniter\Database\BaseConnection->query('SELECT *
FROM `users`
WHERE `username` = :username:
 LIMIT 1', [...], false)
 3 SYSTEMPATH\Model.php(330): CodeIgniter\Database\BaseBuilder->get()
 4 SYSTEMPATH\BaseModel.php(715): CodeIgniter\Model->doFirst()
 5 APPPATH\Controllers\Auth.php(20): CodeIgniter\BaseModel->first()
 6 SYSTEMPATH\CodeIgniter.php(933): App\Controllers\Auth->doLogin()
 7 SYSTEMPATH\CodeIgniter.php(507): CodeIgniter\CodeIgniter->runController(Object(App\Controllers\Auth))
 8 SYSTEMPATH\CodeIgniter.php(354): CodeIgniter\CodeIgniter->handleRequest(null, Object(Config\Cache), false)
 9 SYSTEMPATH\Boot.php(363): CodeIgniter\CodeIgniter->run()
10 SYSTEMPATH\Boot.php(68): CodeIgniter\Boot::runCodeIgniter(Object(CodeIgniter\CodeIgniter))
11 FCPATH\index.php(59): CodeIgniter\Boot::bootWeb(Object(Config\Paths))
ERROR - 2025-09-08 13:57:53 --> Error connecting to the database: mysqli_sql_exception: Access denied for user 'root'@'localhost' (using password: NO) in C:\xampp1\htdocs\CHAKANOKS\system\Database\MySQLi\Connection.php:202
Stack trace:
#0 C:\xampp1\htdocs\CHAKANOKS\system\Database\MySQLi\Connection.php(202): mysqli->real_connect('localhost', 'root', '', 'chakanoks_db', 3306, '', 0)
#1 C:\xampp1\htdocs\CHAKANOKS\system\Database\BaseConnection.php(419): CodeIgniter\Database\MySQLi\Connection->connect(false)
#2 C:\xampp1\htdocs\CHAKANOKS\system\Database\BaseConnection.php(614): CodeIgniter\Database\BaseConnection->initialize()
#3 C:\xampp1\htdocs\CHAKANOKS\system\Database\BaseBuilder.php(1649): CodeIgniter\Database\BaseConnection->query('SELECT *\nFROM `...', Array, false)
#4 C:\xampp1\htdocs\CHAKANOKS\system\Model.php(330): CodeIgniter\Database\BaseBuilder->get()
#5 C:\xampp1\htdocs\CHAKANOKS\system\BaseModel.php(715): CodeIgniter\Model->doFirst()
#6 C:\xampp1\htdocs\CHAKANOKS\app\Controllers\Auth.php(20): CodeIgniter\BaseModel->first()
#7 C:\xampp1\htdocs\CHAKANOKS\system\CodeIgniter.php(933): App\Controllers\Auth->doLogin()
#8 C:\xampp1\htdocs\CHAKANOKS\system\CodeIgniter.php(507): CodeIgniter\CodeIgniter->runController(Object(App\Controllers\Auth))
#9 C:\xampp1\htdocs\CHAKANOKS\system\CodeIgniter.php(354): CodeIgniter\CodeIgniter->handleRequest(NULL, Object(Config\Cache), false)
#10 C:\xampp1\htdocs\CHAKANOKS\system\Boot.php(363): CodeIgniter\CodeIgniter->run()
#11 C:\xampp1\htdocs\CHAKANOKS\system\Boot.php(68): CodeIgniter\Boot::runCodeIgniter(Object(CodeIgniter\CodeIgniter))
#12 C:\xampp1\htdocs\CHAKANOKS\index.php(59): CodeIgniter\Boot::bootWeb(Object(Config\Paths))
#13 {main}

Next CodeIgniter\Database\Exceptions\DatabaseException: Access denied for user '****'@'localhost' (using password: NO) in C:\xampp1\htdocs\CHAKANOKS\system\Database\MySQLi\Connection.php:246
Stack trace:
#0 C:\xampp1\htdocs\CHAKANOKS\system\Database\BaseConnection.php(419): CodeIgniter\Database\MySQLi\Connection->connect(false)
#1 C:\xampp1\htdocs\CHAKANOKS\system\Database\BaseConnection.php(614): CodeIgniter\Database\BaseConnection->initialize()
#2 C:\xampp1\htdocs\CHAKANOKS\system\Database\BaseBuilder.php(1649): CodeIgniter\Database\BaseConnection->query('SELECT *\nFROM `...', Array, false)
#3 C:\xampp1\htdocs\CHAKANOKS\system\Model.php(330): CodeIgniter\Database\BaseBuilder->get()
#4 C:\xampp1\htdocs\CHAKANOKS\system\BaseModel.php(715): CodeIgniter\Model->doFirst()
#5 C:\xampp1\htdocs\CHAKANOKS\app\Controllers\Auth.php(20): CodeIgniter\BaseModel->first()
#6 C:\xampp1\htdocs\CHAKANOKS\system\CodeIgniter.php(933): App\Controllers\Auth->doLogin()
#7 C:\xampp1\htdocs\CHAKANOKS\system\CodeIgniter.php(507): CodeIgniter\CodeIgniter->runController(Object(App\Controllers\Auth))
#8 C:\xampp1\htdocs\CHAKANOKS\system\CodeIgniter.php(354): CodeIgniter\CodeIgniter->handleRequest(NULL, Object(Config\Cache), false)
#9 C:\xampp1\htdocs\CHAKANOKS\system\Boot.php(363): CodeIgniter\CodeIgniter->run()
#10 C:\xampp1\htdocs\CHAKANOKS\system\Boot.php(68): CodeIgniter\Boot::runCodeIgniter(Object(CodeIgniter\CodeIgniter))
#11 C:\xampp1\htdocs\CHAKANOKS\index.php(59): CodeIgniter\Boot::bootWeb(Object(Config\Paths))
#12 {main}
CRITICAL - 2025-09-08 13:57:53 --> CodeIgniter\Database\Exceptions\DatabaseException: Unable to connect to the database.
Main connection [MySQLi]: Access denied for user '****'@'localhost' (using password: NO)
[Method: POST, Route: login]
in SYSTEMPATH\Database\BaseConnection.php on line 465.
 1 SYSTEMPATH\Database\BaseConnection.php(614): CodeIgniter\Database\BaseConnection->initialize()
 2 SYSTEMPATH\Database\BaseBuilder.php(1649): CodeIgniter\Database\BaseConnection->query('SELECT *
FROM `users`
WHERE `username` = :username:
 LIMIT 1', [...], false)
 3 SYSTEMPATH\Model.php(330): CodeIgniter\Database\BaseBuilder->get()
 4 SYSTEMPATH\BaseModel.php(715): CodeIgniter\Model->doFirst()
 5 APPPATH\Controllers\Auth.php(20): CodeIgniter\BaseModel->first()
 6 SYSTEMPATH\CodeIgniter.php(933): App\Controllers\Auth->doLogin()
 7 SYSTEMPATH\CodeIgniter.php(507): CodeIgniter\CodeIgniter->runController(Object(App\Controllers\Auth))
 8 SYSTEMPATH\CodeIgniter.php(354): CodeIgniter\CodeIgniter->handleRequest(null, Object(Config\Cache), false)
 9 SYSTEMPATH\Boot.php(363): CodeIgniter\CodeIgniter->run()
10 SYSTEMPATH\Boot.php(68): CodeIgniter\Boot::runCodeIgniter(Object(CodeIgniter\CodeIgniter))
11 FCPATH\index.php(59): CodeIgniter\Boot::bootWeb(Object(Config\Paths))
ERROR - 2025-09-08 13:58:03 --> Error connecting to the database: mysqli_sql_exception: Access denied for user 'root'@'localhost' (using password: NO) in C:\xampp1\htdocs\CHAKANOKS\system\Database\MySQLi\Connection.php:202
Stack trace:
#0 C:\xampp1\htdocs\CHAKANOKS\system\Database\MySQLi\Connection.php(202): mysqli->real_connect('localhost', 'root', '', 'chakanoks_db', 3306, '', 0)
#1 C:\xampp1\htdocs\CHAKANOKS\system\Database\BaseConnection.php(419): CodeIgniter\Database\MySQLi\Connection->connect(false)
#2 C:\xampp1\htdocs\CHAKANOKS\system\Database\BaseConnection.php(614): CodeIgniter\Database\BaseConnection->initialize()
#3 C:\xampp1\htdocs\CHAKANOKS\system\Database\BaseBuilder.php(1649): CodeIgniter\Database\BaseConnection->query('SELECT *\nFROM `...', Array, false)
#4 C:\xampp1\htdocs\CHAKANOKS\system\Model.php(330): CodeIgniter\Database\BaseBuilder->get()
#5 C:\xampp1\htdocs\CHAKANOKS\system\BaseModel.php(715): CodeIgniter\Model->doFirst()
#6 C:\xampp1\htdocs\CHAKANOKS\app\Controllers\Auth.php(20): CodeIgniter\BaseModel->first()
#7 C:\xampp1\htdocs\CHAKANOKS\system\CodeIgniter.php(933): App\Controllers\Auth->doLogin()
#8 C:\xampp1\htdocs\CHAKANOKS\system\CodeIgniter.php(507): CodeIgniter\CodeIgniter->runController(Object(App\Controllers\Auth))
#9 C:\xampp1\htdocs\CHAKANOKS\system\CodeIgniter.php(354): CodeIgniter\CodeIgniter->handleRequest(NULL, Object(Config\Cache), false)
#10 C:\xampp1\htdocs\CHAKANOKS\system\Boot.php(363): CodeIgniter\CodeIgniter->run()
#11 C:\xampp1\htdocs\CHAKANOKS\system\Boot.php(68): CodeIgniter\Boot::runCodeIgniter(Object(CodeIgniter\CodeIgniter))
#12 C:\xampp1\htdocs\CHAKANOKS\index.php(59): CodeIgniter\Boot::bootWeb(Object(Config\Paths))
#13 {main}

Next CodeIgniter\Database\Exceptions\DatabaseException: Access denied for user '****'@'localhost' (using password: NO) in C:\xampp1\htdocs\CHAKANOKS\system\Database\MySQLi\Connection.php:246
Stack trace:
#0 C:\xampp1\htdocs\CHAKANOKS\system\Database\BaseConnection.php(419): CodeIgniter\Database\MySQLi\Connection->connect(false)
#1 C:\xampp1\htdocs\CHAKANOKS\system\Database\BaseConnection.php(614): CodeIgniter\Database\BaseConnection->initialize()
#2 C:\xampp1\htdocs\CHAKANOKS\system\Database\BaseBuilder.php(1649): CodeIgniter\Database\BaseConnection->query('SELECT *\nFROM `...', Array, false)
#3 C:\xampp1\htdocs\CHAKANOKS\system\Model.php(330): CodeIgniter\Database\BaseBuilder->get()
#4 C:\xampp1\htdocs\CHAKANOKS\system\BaseModel.php(715): CodeIgniter\Model->doFirst()
#5 C:\xampp1\htdocs\CHAKANOKS\app\Controllers\Auth.php(20): CodeIgniter\BaseModel->first()
#6 C:\xampp1\htdocs\CHAKANOKS\system\CodeIgniter.php(933): App\Controllers\Auth->doLogin()
#7 C:\xampp1\htdocs\CHAKANOKS\system\CodeIgniter.php(507): CodeIgniter\CodeIgniter->runController(Object(App\Controllers\Auth))
#8 C:\xampp1\htdocs\CHAKANOKS\system\CodeIgniter.php(354): CodeIgniter\CodeIgniter->handleRequest(NULL, Object(Config\Cache), false)
#9 C:\xampp1\htdocs\CHAKANOKS\system\Boot.php(363): CodeIgniter\CodeIgniter->run()
#10 C:\xampp1\htdocs\CHAKANOKS\system\Boot.php(68): CodeIgniter\Boot::runCodeIgniter(Object(CodeIgniter\CodeIgniter))
#11 C:\xampp1\htdocs\CHAKANOKS\index.php(59): CodeIgniter\Boot::bootWeb(Object(Config\Paths))
#12 {main}
CRITICAL - 2025-09-08 13:58:03 --> CodeIgniter\Database\Exceptions\DatabaseException: Unable to connect to the database.
Main connection [MySQLi]: Access denied for user '****'@'localhost' (using password: NO)
[Method: POST, Route: login]
in SYSTEMPATH\Database\BaseConnection.php on line 465.
 1 SYSTEMPATH\Database\BaseConnection.php(614): CodeIgniter\Database\BaseConnection->initialize()
 2 SYSTEMPATH\Database\BaseBuilder.php(1649): CodeIgniter\Database\BaseConnection->query('SELECT *
FROM `users`
WHERE `username` = :username:
 LIMIT 1', [...], false)
 3 SYSTEMPATH\Model.php(330): CodeIgniter\Database\BaseBuilder->get()
 4 SYSTEMPATH\BaseModel.php(715): CodeIgniter\Model->doFirst()
 5 APPPATH\Controllers\Auth.php(20): CodeIgniter\BaseModel->first()
 6 SYSTEMPATH\CodeIgniter.php(933): App\Controllers\Auth->doLogin()
 7 SYSTEMPATH\CodeIgniter.php(507): CodeIgniter\CodeIgniter->runController(Object(App\Controllers\Auth))
 8 SYSTEMPATH\CodeIgniter.php(354): CodeIgniter\CodeIgniter->handleRequest(null, Object(Config\Cache), false)
 9 SYSTEMPATH\Boot.php(363): CodeIgniter\CodeIgniter->run()
10 SYSTEMPATH\Boot.php(68): CodeIgniter\Boot::runCodeIgniter(Object(CodeIgniter\CodeIgniter))
11 FCPATH\index.php(59): CodeIgniter\Boot::bootWeb(Object(Config\Paths))
ERROR - 2025-09-08 13:58:10 --> Error connecting to the database: mysqli_sql_exception: Access denied for user 'root'@'localhost' (using password: NO) in C:\xampp1\htdocs\CHAKANOKS\system\Database\MySQLi\Connection.php:202
Stack trace:
#0 C:\xampp1\htdocs\CHAKANOKS\system\Database\MySQLi\Connection.php(202): mysqli->real_connect('localhost', 'root', '', 'chakanoks_db', 3306, '', 0)
#1 C:\xampp1\htdocs\CHAKANOKS\system\Database\BaseConnection.php(419): CodeIgniter\Database\MySQLi\Connection->connect(false)
#2 C:\xampp1\htdocs\CHAKANOKS\system\Database\BaseConnection.php(614): CodeIgniter\Database\BaseConnection->initialize()
#3 C:\xampp1\htdocs\CHAKANOKS\system\Database\BaseBuilder.php(1649): CodeIgniter\Database\BaseConnection->query('SELECT *\nFROM `...', Array, false)
#4 C:\xampp1\htdocs\CHAKANOKS\system\Model.php(330): CodeIgniter\Database\BaseBuilder->get()
#5 C:\xampp1\htdocs\CHAKANOKS\system\BaseModel.php(715): CodeIgniter\Model->doFirst()
#6 C:\xampp1\htdocs\CHAKANOKS\app\Controllers\Auth.php(20): CodeIgniter\BaseModel->first()
#7 C:\xampp1\htdocs\CHAKANOKS\system\CodeIgniter.php(933): App\Controllers\Auth->doLogin()
#8 C:\xampp1\htdocs\CHAKANOKS\system\CodeIgniter.php(507): CodeIgniter\CodeIgniter->runController(Object(App\Controllers\Auth))
#9 C:\xampp1\htdocs\CHAKANOKS\system\CodeIgniter.php(354): CodeIgniter\CodeIgniter->handleRequest(NULL, Object(Config\Cache), false)
#10 C:\xampp1\htdocs\CHAKANOKS\system\Boot.php(363): CodeIgniter\CodeIgniter->run()
#11 C:\xampp1\htdocs\CHAKANOKS\system\Boot.php(68): CodeIgniter\Boot::runCodeIgniter(Object(CodeIgniter\CodeIgniter))
#12 C:\xampp1\htdocs\CHAKANOKS\index.php(59): CodeIgniter\Boot::bootWeb(Object(Config\Paths))
#13 {main}

Next CodeIgniter\Database\Exceptions\DatabaseException: Access denied for user '****'@'localhost' (using password: NO) in C:\xampp1\htdocs\CHAKANOKS\system\Database\MySQLi\Connection.php:246
Stack trace:
#0 C:\xampp1\htdocs\CHAKANOKS\system\Database\BaseConnection.php(419): CodeIgniter\Database\MySQLi\Connection->connect(false)
#1 C:\xampp1\htdocs\CHAKANOKS\system\Database\BaseConnection.php(614): CodeIgniter\Database\BaseConnection->initialize()
#2 C:\xampp1\htdocs\CHAKANOKS\system\Database\BaseBuilder.php(1649): CodeIgniter\Database\BaseConnection->query('SELECT *\nFROM `...', Array, false)
#3 C:\xampp1\htdocs\CHAKANOKS\system\Model.php(330): CodeIgniter\Database\BaseBuilder->get()
#4 C:\xampp1\htdocs\CHAKANOKS\system\BaseModel.php(715): CodeIgniter\Model->doFirst()
#5 C:\xampp1\htdocs\CHAKANOKS\app\Controllers\Auth.php(20): CodeIgniter\BaseModel->first()
#6 C:\xampp1\htdocs\CHAKANOKS\system\CodeIgniter.php(933): App\Controllers\Auth->doLogin()
#7 C:\xampp1\htdocs\CHAKANOKS\system\CodeIgniter.php(507): CodeIgniter\CodeIgniter->runController(Object(App\Controllers\Auth))
#8 C:\xampp1\htdocs\CHAKANOKS\system\CodeIgniter.php(354): CodeIgniter\CodeIgniter->handleRequest(NULL, Object(Config\Cache), false)
#9 C:\xampp1\htdocs\CHAKANOKS\system\Boot.php(363): CodeIgniter\CodeIgniter->run()
#10 C:\xampp1\htdocs\CHAKANOKS\system\Boot.php(68): CodeIgniter\Boot::runCodeIgniter(Object(CodeIgniter\CodeIgniter))
#11 C:\xampp1\htdocs\CHAKANOKS\index.php(59): CodeIgniter\Boot::bootWeb(Object(Config\Paths))
#12 {main}
CRITICAL - 2025-09-08 13:58:10 --> CodeIgniter\Database\Exceptions\DatabaseException: Unable to connect to the database.
Main connection [MySQLi]: Access denied for user '****'@'localhost' (using password: NO)
[Method: POST, Route: login]
in SYSTEMPATH\Database\BaseConnection.php on line 465.
 1 SYSTEMPATH\Database\BaseConnection.php(614): CodeIgniter\Database\BaseConnection->initialize()
 2 SYSTEMPATH\Database\BaseBuilder.php(1649): CodeIgniter\Database\BaseConnection->query('SELECT *
FROM `users`
WHERE `username` = :username:
 LIMIT 1', [...], false)
 3 SYSTEMPATH\Model.php(330): CodeIgniter\Database\BaseBuilder->get()
 4 SYSTEMPATH\BaseModel.php(715): CodeIgniter\Model->doFirst()
 5 APPPATH\Controllers\Auth.php(20): CodeIgniter\BaseModel->first()
 6 SYSTEMPATH\CodeIgniter.php(933): App\Controllers\Auth->doLogin()
 7 SYSTEMPATH\CodeIgniter.php(507): CodeIgniter\CodeIgniter->runController(Object(App\Controllers\Auth))
 8 SYSTEMPATH\CodeIgniter.php(354): CodeIgniter\CodeIgniter->handleRequest(null, Object(Config\Cache), false)
 9 SYSTEMPATH\Boot.php(363): CodeIgniter\CodeIgniter->run()
10 SYSTEMPATH\Boot.php(68): CodeIgniter\Boot::runCodeIgniter(Object(CodeIgniter\CodeIgniter))
11 FCPATH\index.php(59): CodeIgniter\Boot::bootWeb(Object(Config\Paths))
ERROR - 2025-09-08 14:06:40 --> Error connecting to the database: mysqli_sql_exception: Access denied for user 'root'@'localhost' (using password: YES) in C:\xampp1\htdocs\CHAKANOKS\system\Database\MySQLi\Connection.php:202
Stack trace:
#0 C:\xampp1\htdocs\CHAKANOKS\system\Database\MySQLi\Connection.php(202): mysqli->real_connect('localhost', 'root', 'root', 'chakanoks_db', 3306, '', 0)
#1 C:\xampp1\htdocs\CHAKANOKS\system\Database\BaseConnection.php(419): CodeIgniter\Database\MySQLi\Connection->connect(false)
#2 C:\xampp1\htdocs\CHAKANOKS\system\Database\BaseConnection.php(614): CodeIgniter\Database\BaseConnection->initialize()
#3 C:\xampp1\htdocs\CHAKANOKS\system\Database\BaseConnection.php(1525): CodeIgniter\Database\BaseConnection->query('SHOW TABLES FRO...')
#4 C:\xampp1\htdocs\CHAKANOKS\system\Database\BaseConnection.php(1545): CodeIgniter\Database\BaseConnection->listTables()
#5 C:\xampp1\htdocs\CHAKANOKS\system\Database\MigrationRunner.php(768): CodeIgniter\Database\BaseConnection->tableExists('migrations')
#6 C:\xampp1\htdocs\CHAKANOKS\system\Database\MigrationRunner.php(162): CodeIgniter\Database\MigrationRunner->ensureTable()
#7 C:\xampp1\htdocs\CHAKANOKS\system\Commands\Database\Migrate.php(85): CodeIgniter\Database\MigrationRunner->latest(NULL)
#8 C:\xampp1\htdocs\CHAKANOKS\system\CLI\Commands.php(74): CodeIgniter\Commands\Database\Migrate->run(Array)
#9 C:\xampp1\htdocs\CHAKANOKS\system\CLI\Console.php(47): CodeIgniter\CLI\Commands->run('migrate', Array)
#10 C:\xampp1\htdocs\CHAKANOKS\system\Boot.php(388): CodeIgniter\CLI\Console->run()
#11 C:\xampp1\htdocs\CHAKANOKS\system\Boot.php(133): CodeIgniter\Boot::runCommand(Object(CodeIgniter\CLI\Console))
#12 C:\xampp1\htdocs\CHAKANOKS\spark(87): CodeIgniter\Boot::bootSpark(Object(Config\Paths))
#13 {main}

Next CodeIgniter\Database\Exceptions\DatabaseException: Access denied for user '****'@'localhost' (using password: YES) in C:\xampp1\htdocs\CHAKANOKS\system\Database\MySQLi\Connection.php:246
Stack trace:
#0 C:\xampp1\htdocs\CHAKANOKS\system\Database\BaseConnection.php(419): CodeIgniter\Database\MySQLi\Connection->connect(false)
#1 C:\xampp1\htdocs\CHAKANOKS\system\Database\BaseConnection.php(614): CodeIgniter\Database\BaseConnection->initialize()
#2 C:\xampp1\htdocs\CHAKANOKS\system\Database\BaseConnection.php(1525): CodeIgniter\Database\BaseConnection->query('SHOW TABLES FRO...')
#3 C:\xampp1\htdocs\CHAKANOKS\system\Database\BaseConnection.php(1545): CodeIgniter\Database\BaseConnection->listTables()
#4 C:\xampp1\htdocs\CHAKANOKS\system\Database\MigrationRunner.php(768): CodeIgniter\Database\BaseConnection->tableExists('migrations')
#5 C:\xampp1\htdocs\CHAKANOKS\system\Database\MigrationRunner.php(162): CodeIgniter\Database\MigrationRunner->ensureTable()
#6 C:\xampp1\htdocs\CHAKANOKS\system\Commands\Database\Migrate.php(85): CodeIgniter\Database\MigrationRunner->latest(NULL)
#7 C:\xampp1\htdocs\CHAKANOKS\system\CLI\Commands.php(74): CodeIgniter\Commands\Database\Migrate->run(Array)
#8 C:\xampp1\htdocs\CHAKANOKS\system\CLI\Console.php(47): CodeIgniter\CLI\Commands->run('migrate', Array)
#9 C:\xampp1\htdocs\CHAKANOKS\system\Boot.php(388): CodeIgniter\CLI\Console->run()
#10 C:\xampp1\htdocs\CHAKANOKS\system\Boot.php(133): CodeIgniter\Boot::runCommand(Object(CodeIgniter\CLI\Console))
#11 C:\xampp1\htdocs\CHAKANOKS\spark(87): CodeIgniter\Boot::bootSpark(Object(Config\Paths))
#12 {main}
ERROR - 2025-09-08 14:08:07 --> Error connecting to the database: mysqli_sql_exception: Access denied for user 'root'@'localhost' (using password: NO) in C:\xampp1\htdocs\CHAKANOKS\system\Database\MySQLi\Connection.php:202
Stack trace:
#0 C:\xampp1\htdocs\CHAKANOKS\system\Database\MySQLi\Connection.php(202): mysqli->real_connect('localhost', 'root', '', 'chakanoks_db', 3306, '', 0)
#1 C:\xampp1\htdocs\CHAKANOKS\system\Database\BaseConnection.php(419): CodeIgniter\Database\MySQLi\Connection->connect(false)
#2 C:\xampp1\htdocs\CHAKANOKS\system\Database\BaseConnection.php(614): CodeIgniter\Database\BaseConnection->initialize()
#3 C:\xampp1\htdocs\CHAKANOKS\system\Database\BaseConnection.php(1525): CodeIgniter\Database\BaseConnection->query('SHOW TABLES FRO...')
#4 C:\xampp1\htdocs\CHAKANOKS\system\Database\BaseConnection.php(1545): CodeIgniter\Database\BaseConnection->listTables()
#5 C:\xampp1\htdocs\CHAKANOKS\system\Database\MigrationRunner.php(768): CodeIgniter\Database\BaseConnection->tableExists('migrations')
#6 C:\xampp1\htdocs\CHAKANOKS\system\Database\MigrationRunner.php(162): CodeIgniter\Database\MigrationRunner->ensureTable()
#7 C:\xampp1\htdocs\CHAKANOKS\system\Commands\Database\Migrate.php(85): CodeIgniter\Database\MigrationRunner->latest(NULL)
#8 C:\xampp1\htdocs\CHAKANOKS\system\CLI\Commands.php(74): CodeIgniter\Commands\Database\Migrate->run(Array)
#9 C:\xampp1\htdocs\CHAKANOKS\system\CLI\Console.php(47): CodeIgniter\CLI\Commands->run('migrate', Array)
#10 C:\xampp1\htdocs\CHAKANOKS\system\Boot.php(388): CodeIgniter\CLI\Console->run()
#11 C:\xampp1\htdocs\CHAKANOKS\system\Boot.php(133): CodeIgniter\Boot::runCommand(Object(CodeIgniter\CLI\Console))
#12 C:\xampp1\htdocs\CHAKANOKS\spark(87): CodeIgniter\Boot::bootSpark(Object(Config\Paths))
#13 {main}

Next CodeIgniter\Database\Exceptions\DatabaseException: Access denied for user '****'@'localhost' (using password: NO) in C:\xampp1\htdocs\CHAKANOKS\system\Database\MySQLi\Connection.php:246
Stack trace:
#0 C:\xampp1\htdocs\CHAKANOKS\system\Database\BaseConnection.php(419): CodeIgniter\Database\MySQLi\Connection->connect(false)
#1 C:\xampp1\htdocs\CHAKANOKS\system\Database\BaseConnection.php(614): CodeIgniter\Database\BaseConnection->initialize()
#2 C:\xampp1\htdocs\CHAKANOKS\system\Database\BaseConnection.php(1525): CodeIgniter\Database\BaseConnection->query('SHOW TABLES FRO...')
#3 C:\xampp1\htdocs\CHAKANOKS\system\Database\BaseConnection.php(1545): CodeIgniter\Database\BaseConnection->listTables()
#4 C:\xampp1\htdocs\CHAKANOKS\system\Database\MigrationRunner.php(768): CodeIgniter\Database\BaseConnection->tableExists('migrations')
#5 C:\xampp1\htdocs\CHAKANOKS\system\Database\MigrationRunner.php(162): CodeIgniter\Database\MigrationRunner->ensureTable()
#6 C:\xampp1\htdocs\CHAKANOKS\system\Commands\Database\Migrate.php(85): CodeIgniter\Database\MigrationRunner->latest(NULL)
#7 C:\xampp1\htdocs\CHAKANOKS\system\CLI\Commands.php(74): CodeIgniter\Commands\Database\Migrate->run(Array)
#8 C:\xampp1\htdocs\CHAKANOKS\system\CLI\Console.php(47): CodeIgniter\CLI\Commands->run('migrate', Array)
#9 C:\xampp1\htdocs\CHAKANOKS\system\Boot.php(388): CodeIgniter\CLI\Console->run()
#10 C:\xampp1\htdocs\CHAKANOKS\system\Boot.php(133): CodeIgniter\Boot::runCommand(Object(CodeIgniter\CLI\Console))
#11 C:\xampp1\htdocs\CHAKANOKS\spark(87): CodeIgniter\Boot::bootSpark(Object(Config\Paths))
#12 {main}
ERROR - 2025-09-08 14:08:35 --> Error connecting to the database: mysqli_sql_exception: Access denied for user 'root'@'localhost' (using password: NO) in C:\xampp1\htdocs\CHAKANOKS\system\Database\MySQLi\Connection.php:202
Stack trace:
#0 C:\xampp1\htdocs\CHAKANOKS\system\Database\MySQLi\Connection.php(202): mysqli->real_connect('localhost', 'root', '', 'chakanoks_db', 3306, '', 0)
#1 C:\xampp1\htdocs\CHAKANOKS\system\Database\BaseConnection.php(419): CodeIgniter\Database\MySQLi\Connection->connect(false)
#2 C:\xampp1\htdocs\CHAKANOKS\system\Database\BaseConnection.php(614): CodeIgniter\Database\BaseConnection->initialize()
#3 C:\xampp1\htdocs\CHAKANOKS\system\Database\BaseConnection.php(1525): CodeIgniter\Database\BaseConnection->query('SHOW TABLES FRO...')
#4 C:\xampp1\htdocs\CHAKANOKS\system\Database\BaseConnection.php(1545): CodeIgniter\Database\BaseConnection->listTables()
#5 C:\xampp1\htdocs\CHAKANOKS\system\Database\MigrationRunner.php(768): CodeIgniter\Database\BaseConnection->tableExists('migrations')
#6 C:\xampp1\htdocs\CHAKANOKS\system\Database\MigrationRunner.php(162): CodeIgniter\Database\MigrationRunner->ensureTable()
#7 C:\xampp1\htdocs\CHAKANOKS\system\Commands\Database\Migrate.php(85): CodeIgniter\Database\MigrationRunner->latest(NULL)
#8 C:\xampp1\htdocs\CHAKANOKS\system\CLI\Commands.php(74): CodeIgniter\Commands\Database\Migrate->run(Array)
#9 C:\xampp1\htdocs\CHAKANOKS\system\CLI\Console.php(47): CodeIgniter\CLI\Commands->run('migrate', Array)
#10 C:\xampp1\htdocs\CHAKANOKS\system\Boot.php(388): CodeIgniter\CLI\Console->run()
#11 C:\xampp1\htdocs\CHAKANOKS\system\Boot.php(133): CodeIgniter\Boot::runCommand(Object(CodeIgniter\CLI\Console))
#12 C:\xampp1\htdocs\CHAKANOKS\spark(87): CodeIgniter\Boot::bootSpark(Object(Config\Paths))
#13 {main}

Next CodeIgniter\Database\Exceptions\DatabaseException: Access denied for user '****'@'localhost' (using password: NO) in C:\xampp1\htdocs\CHAKANOKS\system\Database\MySQLi\Connection.php:246
Stack trace:
#0 C:\xampp1\htdocs\CHAKANOKS\system\Database\BaseConnection.php(419): CodeIgniter\Database\MySQLi\Connection->connect(false)
#1 C:\xampp1\htdocs\CHAKANOKS\system\Database\BaseConnection.php(614): CodeIgniter\Database\BaseConnection->initialize()
#2 C:\xampp1\htdocs\CHAKANOKS\system\Database\BaseConnection.php(1525): CodeIgniter\Database\BaseConnection->query('SHOW TABLES FRO...')
#3 C:\xampp1\htdocs\CHAKANOKS\system\Database\BaseConnection.php(1545): CodeIgniter\Database\BaseConnection->listTables()
#4 C:\xampp1\htdocs\CHAKANOKS\system\Database\MigrationRunner.php(768): CodeIgniter\Database\BaseConnection->tableExists('migrations')
#5 C:\xampp1\htdocs\CHAKANOKS\system\Database\MigrationRunner.php(162): CodeIgniter\Database\MigrationRunner->ensureTable()
#6 C:\xampp1\htdocs\CHAKANOKS\system\Commands\Database\Migrate.php(85): CodeIgniter\Database\MigrationRunner->latest(NULL)
#7 C:\xampp1\htdocs\CHAKANOKS\system\CLI\Commands.php(74): CodeIgniter\Commands\Database\Migrate->run(Array)
#8 C:\xampp1\htdocs\CHAKANOKS\system\CLI\Console.php(47): CodeIgniter\CLI\Commands->run('migrate', Array)
#9 C:\xampp1\htdocs\CHAKANOKS\system\Boot.php(388): CodeIgniter\CLI\Console->run()
#10 C:\xampp1\htdocs\CHAKANOKS\system\Boot.php(133): CodeIgniter\Boot::runCommand(Object(CodeIgniter\CLI\Console))
#11 C:\xampp1\htdocs\CHAKANOKS\spark(87): CodeIgniter\Boot::bootSpark(Object(Config\Paths))
#12 {main}
ERROR - 2025-09-08 14:11:23 --> Error connecting to the database: mysqli_sql_exception: Access denied for user 'root'@'localhost' (using password: NO) in C:\xampp1\htdocs\CHAKANOKS\system\Database\MySQLi\Connection.php:202
Stack trace:
#0 C:\xampp1\htdocs\CHAKANOKS\system\Database\MySQLi\Connection.php(202): mysqli->real_connect('localhost', 'root', '', 'chakanoks_db', 3306, '', 0)
#1 C:\xampp1\htdocs\CHAKANOKS\system\Database\BaseConnection.php(419): CodeIgniter\Database\MySQLi\Connection->connect(false)
#2 C:\xampp1\htdocs\CHAKANOKS\system\Database\BaseConnection.php(614): CodeIgniter\Database\BaseConnection->initialize()
#3 C:\xampp1\htdocs\CHAKANOKS\system\Database\BaseConnection.php(1525): CodeIgniter\Database\BaseConnection->query('SHOW TABLES FRO...')
#4 C:\xampp1\htdocs\CHAKANOKS\system\Database\BaseConnection.php(1545): CodeIgniter\Database\BaseConnection->listTables()
#5 C:\xampp1\htdocs\CHAKANOKS\system\Database\MigrationRunner.php(768): CodeIgniter\Database\BaseConnection->tableExists('migrations')
#6 C:\xampp1\htdocs\CHAKANOKS\system\Database\MigrationRunner.php(231): CodeIgniter\Database\MigrationRunner->ensureTable()
#7 C:\xampp1\htdocs\CHAKANOKS\system\Commands\Database\MigrateRollback.php(101): CodeIgniter\Database\MigrationRunner->regress(0)
#8 C:\xampp1\htdocs\CHAKANOKS\system\CLI\Commands.php(74): CodeIgniter\Commands\Database\MigrateRollback->run(Array)
#9 C:\xampp1\htdocs\CHAKANOKS\system\CLI\BaseCommand.php(119): CodeIgniter\CLI\Commands->run('migrate:rollbac...', Array)
#10 C:\xampp1\htdocs\CHAKANOKS\system\Commands\Database\MigrateRefresh.php(86): CodeIgniter\CLI\BaseCommand->call('migrate:rollbac...', Array)
#11 C:\xampp1\htdocs\CHAKANOKS\system\CLI\Commands.php(74): CodeIgniter\Commands\Database\MigrateRefresh->run(Array)
#12 C:\xampp1\htdocs\CHAKANOKS\system\CLI\Console.php(47): CodeIgniter\CLI\Commands->run('migrate:refresh', Array)
#13 C:\xampp1\htdocs\CHAKANOKS\system\Boot.php(388): CodeIgniter\CLI\Console->run()
#14 C:\xampp1\htdocs\CHAKANOKS\system\Boot.php(133): CodeIgniter\Boot::runCommand(Object(CodeIgniter\CLI\Console))
#15 C:\xampp1\htdocs\CHAKANOKS\spark(87): CodeIgniter\Boot::bootSpark(Object(Config\Paths))
#16 {main}

Next CodeIgniter\Database\Exceptions\DatabaseException: Access denied for user '****'@'localhost' (using password: NO) in C:\xampp1\htdocs\CHAKANOKS\system\Database\MySQLi\Connection.php:246
Stack trace:
#0 C:\xampp1\htdocs\CHAKANOKS\system\Database\BaseConnection.php(419): CodeIgniter\Database\MySQLi\Connection->connect(false)
#1 C:\xampp1\htdocs\CHAKANOKS\system\Database\BaseConnection.php(614): CodeIgniter\Database\BaseConnection->initialize()
#2 C:\xampp1\htdocs\CHAKANOKS\system\Database\BaseConnection.php(1525): CodeIgniter\Database\BaseConnection->query('SHOW TABLES FRO...')
#3 C:\xampp1\htdocs\CHAKANOKS\system\Database\BaseConnection.php(1545): CodeIgniter\Database\BaseConnection->listTables()
#4 C:\xampp1\htdocs\CHAKANOKS\system\Database\MigrationRunner.php(768): CodeIgniter\Database\BaseConnection->tableExists('migrations')
#5 C:\xampp1\htdocs\CHAKANOKS\system\Database\MigrationRunner.php(231): CodeIgniter\Database\MigrationRunner->ensureTable()
#6 C:\xampp1\htdocs\CHAKANOKS\system\Commands\Database\MigrateRollback.php(101): CodeIgniter\Database\MigrationRunner->regress(0)
#7 C:\xampp1\htdocs\CHAKANOKS\system\CLI\Commands.php(74): CodeIgniter\Commands\Database\MigrateRollback->run(Array)
#8 C:\xampp1\htdocs\CHAKANOKS\system\CLI\BaseCommand.php(119): CodeIgniter\CLI\Commands->run('migrate:rollbac...', Array)
#9 C:\xampp1\htdocs\CHAKANOKS\system\Commands\Database\MigrateRefresh.php(86): CodeIgniter\CLI\BaseCommand->call('migrate:rollbac...', Array)
#10 C:\xampp1\htdocs\CHAKANOKS\system\CLI\Commands.php(74): CodeIgniter\Commands\Database\MigrateRefresh->run(Array)
#11 C:\xampp1\htdocs\CHAKANOKS\system\CLI\Console.php(47): CodeIgniter\CLI\Commands->run('migrate:refresh', Array)
#12 C:\xampp1\htdocs\CHAKANOKS\system\Boot.php(388): CodeIgniter\CLI\Console->run()
#13 C:\xampp1\htdocs\CHAKANOKS\system\Boot.php(133): CodeIgniter\Boot::runCommand(Object(CodeIgniter\CLI\Console))
#14 C:\xampp1\htdocs\CHAKANOKS\spark(87): CodeIgniter\Boot::bootSpark(Object(Config\Paths))
#15 {main}
ERROR - 2025-09-08 14:11:23 --> Error connecting to the database: mysqli_sql_exception: Access denied for user 'root'@'localhost' (using password: NO) in C:\xampp1\htdocs\CHAKANOKS\system\Database\MySQLi\Connection.php:202
Stack trace:
#0 C:\xampp1\htdocs\CHAKANOKS\system\Database\MySQLi\Connection.php(202): mysqli->real_connect('localhost', 'root', '', 'chakanoks_db', 3306, '', 0)
#1 C:\xampp1\htdocs\CHAKANOKS\system\Database\BaseConnection.php(419): CodeIgniter\Database\MySQLi\Connection->connect(false)
#2 C:\xampp1\htdocs\CHAKANOKS\system\Database\BaseConnection.php(614): CodeIgniter\Database\BaseConnection->initialize()
#3 C:\xampp1\htdocs\CHAKANOKS\system\Database\BaseConnection.php(1525): CodeIgniter\Database\BaseConnection->query('SHOW TABLES FRO...')
#4 C:\xampp1\htdocs\CHAKANOKS\system\Database\BaseConnection.php(1545): CodeIgniter\Database\BaseConnection->listTables()
#5 C:\xampp1\htdocs\CHAKANOKS\system\Database\MigrationRunner.php(768): CodeIgniter\Database\BaseConnection->tableExists('migrations')
#6 C:\xampp1\htdocs\CHAKANOKS\system\Database\MigrationRunner.php(162): CodeIgniter\Database\MigrationRunner->ensureTable()
#7 C:\xampp1\htdocs\CHAKANOKS\system\Commands\Database\Migrate.php(85): CodeIgniter\Database\MigrationRunner->latest(NULL)
#8 C:\xampp1\htdocs\CHAKANOKS\system\CLI\Commands.php(74): CodeIgniter\Commands\Database\Migrate->run(Array)
#9 C:\xampp1\htdocs\CHAKANOKS\system\CLI\BaseCommand.php(119): CodeIgniter\CLI\Commands->run('migrate', Array)
#10 C:\xampp1\htdocs\CHAKANOKS\system\Commands\Database\MigrateRefresh.php(87): CodeIgniter\CLI\BaseCommand->call('migrate', Array)
#11 C:\xampp1\htdocs\CHAKANOKS\system\CLI\Commands.php(74): CodeIgniter\Commands\Database\MigrateRefresh->run(Array)
#12 C:\xampp1\htdocs\CHAKANOKS\system\CLI\Console.php(47): CodeIgniter\CLI\Commands->run('migrate:refresh', Array)
#13 C:\xampp1\htdocs\CHAKANOKS\system\Boot.php(388): CodeIgniter\CLI\Console->run()
#14 C:\xampp1\htdocs\CHAKANOKS\system\Boot.php(133): CodeIgniter\Boot::runCommand(Object(CodeIgniter\CLI\Console))
#15 C:\xampp1\htdocs\CHAKANOKS\spark(87): CodeIgniter\Boot::bootSpark(Object(Config\Paths))
#16 {main}

Next CodeIgniter\Database\Exceptions\DatabaseException: Access denied for user '****'@'localhost' (using password: NO) in C:\xampp1\htdocs\CHAKANOKS\system\Database\MySQLi\Connection.php:246
Stack trace:
#0 C:\xampp1\htdocs\CHAKANOKS\system\Database\BaseConnection.php(419): CodeIgniter\Database\MySQLi\Connection->connect(false)
#1 C:\xampp1\htdocs\CHAKANOKS\system\Database\BaseConnection.php(614): CodeIgniter\Database\BaseConnection->initialize()
#2 C:\xampp1\htdocs\CHAKANOKS\system\Database\BaseConnection.php(1525): CodeIgniter\Database\BaseConnection->query('SHOW TABLES FRO...')
#3 C:\xampp1\htdocs\CHAKANOKS\system\Database\BaseConnection.php(1545): CodeIgniter\Database\BaseConnection->listTables()
#4 C:\xampp1\htdocs\CHAKANOKS\system\Database\MigrationRunner.php(768): CodeIgniter\Database\BaseConnection->tableExists('migrations')
#5 C:\xampp1\htdocs\CHAKANOKS\system\Database\MigrationRunner.php(162): CodeIgniter\Database\MigrationRunner->ensureTable()
#6 C:\xampp1\htdocs\CHAKANOKS\system\Commands\Database\Migrate.php(85): CodeIgniter\Database\MigrationRunner->latest(NULL)
#7 C:\xampp1\htdocs\CHAKANOKS\system\CLI\Commands.php(74): CodeIgniter\Commands\Database\Migrate->run(Array)
#8 C:\xampp1\htdocs\CHAKANOKS\system\CLI\BaseCommand.php(119): CodeIgniter\CLI\Commands->run('migrate', Array)
#9 C:\xampp1\htdocs\CHAKANOKS\system\Commands\Database\MigrateRefresh.php(87): CodeIgniter\CLI\BaseCommand->call('migrate', Array)
#10 C:\xampp1\htdocs\CHAKANOKS\system\CLI\Commands.php(74): CodeIgniter\Commands\Database\MigrateRefresh->run(Array)
#11 C:\xampp1\htdocs\CHAKANOKS\system\CLI\Console.php(47): CodeIgniter\CLI\Commands->run('migrate:refresh', Array)
#12 C:\xampp1\htdocs\CHAKANOKS\system\Boot.php(388): CodeIgniter\CLI\Console->run()
#13 C:\xampp1\htdocs\CHAKANOKS\system\Boot.php(133): CodeIgniter\Boot::runCommand(Object(CodeIgniter\CLI\Console))
#14 C:\xampp1\htdocs\CHAKANOKS\spark(87): CodeIgniter\Boot::bootSpark(Object(Config\Paths))
#15 {main}
ERROR - 2025-09-08 14:14:39 --> Error connecting to the database: mysqli_sql_exception: Access denied for user 'root'@'localhost' (using password: NO) in C:\xampp1\htdocs\CHAKANOKS\system\Database\MySQLi\Connection.php:202
Stack trace:
#0 C:\xampp1\htdocs\CHAKANOKS\system\Database\MySQLi\Connection.php(202): mysqli->real_connect('localhost', 'root', '', 'chakanoks_db', 3306, '', 0)
#1 C:\xampp1\htdocs\CHAKANOKS\system\Database\BaseConnection.php(419): CodeIgniter\Database\MySQLi\Connection->connect(false)
#2 C:\xampp1\htdocs\CHAKANOKS\system\Database\BaseConnection.php(614): CodeIgniter\Database\BaseConnection->initialize()
#3 C:\xampp1\htdocs\CHAKANOKS\system\Database\BaseConnection.php(1525): CodeIgniter\Database\BaseConnection->query('SHOW TABLES FRO...')
#4 C:\xampp1\htdocs\CHAKANOKS\system\Commands\Database\ShowTableInfo.php(121): CodeIgniter\Database\BaseConnection->listTables()
#5 C:\xampp1\htdocs\CHAKANOKS\system\CLI\Commands.php(74): CodeIgniter\Commands\Database\ShowTableInfo->run(Array)
#6 C:\xampp1\htdocs\CHAKANOKS\system\CLI\Console.php(47): CodeIgniter\CLI\Commands->run('db:table', Array)
#7 C:\xampp1\htdocs\CHAKANOKS\system\Boot.php(388): CodeIgniter\CLI\Console->run()
#8 C:\xampp1\htdocs\CHAKANOKS\system\Boot.php(133): CodeIgniter\Boot::runCommand(Object(CodeIgniter\CLI\Console))
#9 C:\xampp1\htdocs\CHAKANOKS\spark(87): CodeIgniter\Boot::bootSpark(Object(Config\Paths))
#10 {main}

Next CodeIgniter\Database\Exceptions\DatabaseException: Access denied for user '****'@'localhost' (using password: NO) in C:\xampp1\htdocs\CHAKANOKS\system\Database\MySQLi\Connection.php:246
Stack trace:
#0 C:\xampp1\htdocs\CHAKANOKS\system\Database\BaseConnection.php(419): CodeIgniter\Database\MySQLi\Connection->connect(false)
#1 C:\xampp1\htdocs\CHAKANOKS\system\Database\BaseConnection.php(614): CodeIgniter\Database\BaseConnection->initialize()
#2 C:\xampp1\htdocs\CHAKANOKS\system\Database\BaseConnection.php(1525): CodeIgniter\Database\BaseConnection->query('SHOW TABLES FRO...')
#3 C:\xampp1\htdocs\CHAKANOKS\system\Commands\Database\ShowTableInfo.php(121): CodeIgniter\Database\BaseConnection->listTables()
#4 C:\xampp1\htdocs\CHAKANOKS\system\CLI\Commands.php(74): CodeIgniter\Commands\Database\ShowTableInfo->run(Array)
#5 C:\xampp1\htdocs\CHAKANOKS\system\CLI\Console.php(47): CodeIgniter\CLI\Commands->run('db:table', Array)
#6 C:\xampp1\htdocs\CHAKANOKS\system\Boot.php(388): CodeIgniter\CLI\Console->run()
#7 C:\xampp1\htdocs\CHAKANOKS\system\Boot.php(133): CodeIgniter\Boot::runCommand(Object(CodeIgniter\CLI\Console))
#8 C:\xampp1\htdocs\CHAKANOKS\spark(87): CodeIgniter\Boot::bootSpark(Object(Config\Paths))
#9 {main}
CRITICAL - 2025-09-08 14:14:39 --> CodeIgniter\Database\Exceptions\DatabaseException: Unable to connect to the database.
Main connection [MySQLi]: Access denied for user '****'@'localhost' (using password: NO)
[Method: CLI, Route: db:table/roles]
in SYSTEMPATH\Database\BaseConnection.php on line 465.
 1 SYSTEMPATH\Database\BaseConnection.php(614): CodeIgniter\Database\BaseConnection->initialize()
 2 SYSTEMPATH\Database\BaseConnection.php(1525): CodeIgniter\Database\BaseConnection->query('SHOW TABLES FROM `chakanoks_db`')
 3 SYSTEMPATH\Commands\Database\ShowTableInfo.php(121): CodeIgniter\Database\BaseConnection->listTables()
 4 SYSTEMPATH\CLI\Commands.php(74): CodeIgniter\Commands\Database\ShowTableInfo->run([...])
 5 SYSTEMPATH\CLI\Console.php(47): CodeIgniter\CLI\Commands->run('db:table', [...])
 6 SYSTEMPATH\Boot.php(388): CodeIgniter\CLI\Console->run()
 7 SYSTEMPATH\Boot.php(133): CodeIgniter\Boot::runCommand(Object(CodeIgniter\CLI\Console))
 8 ROOTPATH\spark(87): CodeIgniter\Boot::bootSpark(Object(Config\Paths))
ERROR - 2025-09-08 14:18:42 --> Error connecting to the database: mysqli_sql_exception: Access denied for user 'root'@'localhost' (using password: NO) in C:\xampp1\htdocs\CHAKANOKS\system\Database\MySQLi\Connection.php:202
Stack trace:
#0 C:\xampp1\htdocs\CHAKANOKS\system\Database\MySQLi\Connection.php(202): mysqli->real_connect('127.0.0.1', 'root', '', 'chakanoks_db', 3306, '', 0)
#1 C:\xampp1\htdocs\CHAKANOKS\system\Database\BaseConnection.php(419): CodeIgniter\Database\MySQLi\Connection->connect(false)
#2 C:\xampp1\htdocs\CHAKANOKS\system\Database\BaseConnection.php(614): CodeIgniter\Database\BaseConnection->initialize()
#3 C:\xampp1\htdocs\CHAKANOKS\system\Database\BaseConnection.php(1525): CodeIgniter\Database\BaseConnection->query('SHOW TABLES FRO...')
#4 C:\xampp1\htdocs\CHAKANOKS\system\Database\BaseConnection.php(1545): CodeIgniter\Database\BaseConnection->listTables()
#5 C:\xampp1\htdocs\CHAKANOKS\system\Database\MigrationRunner.php(768): CodeIgniter\Database\BaseConnection->tableExists('migrations')
#6 C:\xampp1\htdocs\CHAKANOKS\system\Database\MigrationRunner.php(162): CodeIgniter\Database\MigrationRunner->ensureTable()
#7 C:\xampp1\htdocs\CHAKANOKS\system\Commands\Database\Migrate.php(85): CodeIgniter\Database\MigrationRunner->latest(NULL)
#8 C:\xampp1\htdocs\CHAKANOKS\system\CLI\Commands.php(74): CodeIgniter\Commands\Database\Migrate->run(Array)
#9 C:\xampp1\htdocs\CHAKANOKS\system\CLI\Console.php(47): CodeIgniter\CLI\Commands->run('migrate', Array)
#10 C:\xampp1\htdocs\CHAKANOKS\system\Boot.php(388): CodeIgniter\CLI\Console->run()
#11 C:\xampp1\htdocs\CHAKANOKS\system\Boot.php(133): CodeIgniter\Boot::runCommand(Object(CodeIgniter\CLI\Console))
#12 C:\xampp1\htdocs\CHAKANOKS\spark(87): CodeIgniter\Boot::bootSpark(Object(Config\Paths))
#13 {main}

Next CodeIgniter\Database\Exceptions\DatabaseException: Access denied for user '****'@'localhost' (using password: NO) in C:\xampp1\htdocs\CHAKANOKS\system\Database\MySQLi\Connection.php:246
Stack trace:
#0 C:\xampp1\htdocs\CHAKANOKS\system\Database\BaseConnection.php(419): CodeIgniter\Database\MySQLi\Connection->connect(false)
#1 C:\xampp1\htdocs\CHAKANOKS\system\Database\BaseConnection.php(614): CodeIgniter\Database\BaseConnection->initialize()
#2 C:\xampp1\htdocs\CHAKANOKS\system\Database\BaseConnection.php(1525): CodeIgniter\Database\BaseConnection->query('SHOW TABLES FRO...')
#3 C:\xampp1\htdocs\CHAKANOKS\system\Database\BaseConnection.php(1545): CodeIgniter\Database\BaseConnection->listTables()
#4 C:\xampp1\htdocs\CHAKANOKS\system\Database\MigrationRunner.php(768): CodeIgniter\Database\BaseConnection->tableExists('migrations')
#5 C:\xampp1\htdocs\CHAKANOKS\system\Database\MigrationRunner.php(162): CodeIgniter\Database\MigrationRunner->ensureTable()
#6 C:\xampp1\htdocs\CHAKANOKS\system\Commands\Database\Migrate.php(85): CodeIgniter\Database\MigrationRunner->latest(NULL)
#7 C:\xampp1\htdocs\CHAKANOKS\system\CLI\Commands.php(74): CodeIgniter\Commands\Database\Migrate->run(Array)
#8 C:\xampp1\htdocs\CHAKANOKS\system\CLI\Console.php(47): CodeIgniter\CLI\Commands->run('migrate', Array)
#9 C:\xampp1\htdocs\CHAKANOKS\system\Boot.php(388): CodeIgniter\CLI\Console->run()
#10 C:\xampp1\htdocs\CHAKANOKS\system\Boot.php(133): CodeIgniter\Boot::runCommand(Object(CodeIgniter\CLI\Console))
#11 C:\xampp1\htdocs\CHAKANOKS\spark(87): CodeIgniter\Boot::bootSpark(Object(Config\Paths))
#12 {main}
ERROR - 2025-09-08 14:22:25 --> Error connecting to the database: mysqli_sql_exception: Access denied for user 'root'@'localhost' (using password: NO) in C:\xampp1\htdocs\CHAKANOKS\system\Database\MySQLi\Connection.php:202
Stack trace:
#0 C:\xampp1\htdocs\CHAKANOKS\system\Database\MySQLi\Connection.php(202): mysqli->real_connect('127.0.0.1', 'root', '', 'chakanoks_db', 3306, '', 0)
#1 C:\xampp1\htdocs\CHAKANOKS\system\Database\BaseConnection.php(419): CodeIgniter\Database\MySQLi\Connection->connect(false)
#2 C:\xampp1\htdocs\CHAKANOKS\system\Database\BaseConnection.php(614): CodeIgniter\Database\BaseConnection->initialize()
#3 C:\xampp1\htdocs\CHAKANOKS\system\Database\BaseConnection.php(1525): CodeIgniter\Database\BaseConnection->query('SHOW TABLES FRO...')
#4 C:\xampp1\htdocs\CHAKANOKS\system\Database\BaseConnection.php(1545): CodeIgniter\Database\BaseConnection->listTables()
#5 C:\xampp1\htdocs\CHAKANOKS\system\Database\MigrationRunner.php(768): CodeIgniter\Database\BaseConnection->tableExists('migrations')
#6 C:\xampp1\htdocs\CHAKANOKS\system\Database\MigrationRunner.php(162): CodeIgniter\Database\MigrationRunner->ensureTable()
#7 C:\xampp1\htdocs\CHAKANOKS\system\Commands\Database\Migrate.php(85): CodeIgniter\Database\MigrationRunner->latest(NULL)
#8 C:\xampp1\htdocs\CHAKANOKS\system\CLI\Commands.php(74): CodeIgniter\Commands\Database\Migrate->run(Array)
#9 C:\xampp1\htdocs\CHAKANOKS\system\CLI\Console.php(47): CodeIgniter\CLI\Commands->run('migrate', Array)
#10 C:\xampp1\htdocs\CHAKANOKS\system\Boot.php(388): CodeIgniter\CLI\Console->run()
#11 C:\xampp1\htdocs\CHAKANOKS\system\Boot.php(133): CodeIgniter\Boot::runCommand(Object(CodeIgniter\CLI\Console))
#12 C:\xampp1\htdocs\CHAKANOKS\spark(87): CodeIgniter\Boot::bootSpark(Object(Config\Paths))
#13 {main}

Next CodeIgniter\Database\Exceptions\DatabaseException: Access denied for user '****'@'localhost' (using password: NO) in C:\xampp1\htdocs\CHAKANOKS\system\Database\MySQLi\Connection.php:246
Stack trace:
#0 C:\xampp1\htdocs\CHAKANOKS\system\Database\BaseConnection.php(419): CodeIgniter\Database\MySQLi\Connection->connect(false)
#1 C:\xampp1\htdocs\CHAKANOKS\system\Database\BaseConnection.php(614): CodeIgniter\Database\BaseConnection->initialize()
#2 C:\xampp1\htdocs\CHAKANOKS\system\Database\BaseConnection.php(1525): CodeIgniter\Database\BaseConnection->query('SHOW TABLES FRO...')
#3 C:\xampp1\htdocs\CHAKANOKS\system\Database\BaseConnection.php(1545): CodeIgniter\Database\BaseConnection->listTables()
#4 C:\xampp1\htdocs\CHAKANOKS\system\Database\MigrationRunner.php(768): CodeIgniter\Database\BaseConnection->tableExists('migrations')
#5 C:\xampp1\htdocs\CHAKANOKS\system\Database\MigrationRunner.php(162): CodeIgniter\Database\MigrationRunner->ensureTable()
#6 C:\xampp1\htdocs\CHAKANOKS\system\Commands\Database\Migrate.php(85): CodeIgniter\Database\MigrationRunner->latest(NULL)
#7 C:\xampp1\htdocs\CHAKANOKS\system\CLI\Commands.php(74): CodeIgniter\Commands\Database\Migrate->run(Array)
#8 C:\xampp1\htdocs\CHAKANOKS\system\CLI\Console.php(47): CodeIgniter\CLI\Commands->run('migrate', Array)
#9 C:\xampp1\htdocs\CHAKANOKS\system\Boot.php(388): CodeIgniter\CLI\Console->run()
#10 C:\xampp1\htdocs\CHAKANOKS\system\Boot.php(133): CodeIgniter\Boot::runCommand(Object(CodeIgniter\CLI\Console))
#11 C:\xampp1\htdocs\CHAKANOKS\spark(87): CodeIgniter\Boot::bootSpark(Object(Config\Paths))
#12 {main}
DEBUG - 2025-09-08 14:28:29 --> Session: Class initialized using 'CodeIgniter\Session\Handlers\FileHandler' driver.
DEBUG - 2025-09-08 14:28:29 --> Session: Class initialized using 'CodeIgniter\Session\Handlers\FileHandler' driver.
DEBUG - 2025-09-08 14:29:23 --> Session: Class initialized using 'CodeIgniter\Session\Handlers\FileHandler' driver.
DEBUG - 2025-09-08 14:29:24 --> Session: Class initialized using 'CodeIgniter\Session\Handlers\FileHandler' driver.
DEBUG - 2025-09-08 14:29:32 --> Session: Class initialized using 'CodeIgniter\Session\Handlers\FileHandler' driver.
DEBUG - 2025-09-08 14:29:37 --> Session: Class initialized using 'CodeIgniter\Session\Handlers\FileHandler' driver.
DEBUG - 2025-09-08 14:30:19 --> Session: Class initialized using 'CodeIgniter\Session\Handlers\FileHandler' driver.
DEBUG - 2025-09-08 14:30:20 --> Session: Class initialized using 'CodeIgniter\Session\Handlers\FileHandler' driver.
DEBUG - 2025-09-08 14:30:26 --> Session: Class initialized using 'CodeIgniter\Session\Handlers\FileHandler' driver.
DEBUG - 2025-09-08 14:41:38 --> Session: Class initialized using 'CodeIgniter\Session\Handlers\FileHandler' driver.
DEBUG - 2025-09-08 14:41:39 --> Session: Class initialized using 'CodeIgniter\Session\Handlers\FileHandler' driver.
