CRITICAL - 2025-08-28 12:09:39 --> ErrorException: include(C:\xampp\htdocs\CHAKANOKS\app\Views/includes/header.php): Failed to open stream: No such file or directory
[Method: GET, Route: dashboard]
in APPPATH\Views\dashboard.php on line 1.
 1 APPPATH\Views\dashboard.php(1): CodeIgniter\Debug\Exceptions->errorHandler(2, 'include(C:\\xampp\\htdocs\\CHAKANOKS\\app\\Views/includes/header.php): Failed to open stream: No such file or directory', 'C:\\xampp\\htdocs\\CHAKANOKS\\app\\Views\\dashboard.php', 1)
 2 APPPATH\Views\dashboard.php(1): include()
 3 SYSTEMPATH\View\View.php(226): include('C:\\xampp\\htdocs\\CHAKANOKS\\app\\Views\\dashboard.php')
 4 SYSTEMPATH\View\View.php(229): CodeIgniter\View\View->CodeIgniter\View\{closure}()
 5 SYSTEMPATH\Common.php(1167): CodeIgniter\View\View->render('dashboard', [], true)
 6 APPPATH\Controllers\Home.php(17): view('dashboard')
 7 SYSTEMPATH\CodeIgniter.php(933): App\Controllers\Home->dashboard()
 8 SYSTEMPATH\CodeIgniter.php(507): CodeIgniter\CodeIgniter->runController(Object(App\Controllers\Home))
 9 SYSTEMPATH\CodeIgniter.php(354): CodeIgniter\CodeIgniter->handleRequest(null, Object(Config\Cache), false)
10 SYSTEMPATH\Boot.php(363): CodeIgniter\CodeIgniter->run()
11 SYSTEMPATH\Boot.php(68): CodeIgniter\Boot::runCodeIgniter(Object(CodeIgniter\CodeIgniter))
12 FCPATH\index.php(59): CodeIgniter\Boot::bootWeb(Object(Config\Paths))
CRITICAL - 2025-08-28 12:09:42 --> ErrorException: include(C:\xampp\htdocs\CHAKANOKS\app\Views/includes/header.php): Failed to open stream: No such file or directory
[Method: GET, Route: dashboard]
in APPPATH\Views\dashboard.php on line 1.
 1 APPPATH\Views\dashboard.php(1): CodeIgniter\Debug\Exceptions->errorHandler(2, 'include(C:\\xampp\\htdocs\\CHAKANOKS\\app\\Views/includes/header.php): Failed to open stream: No such file or directory', 'C:\\xampp\\htdocs\\CHAKANOKS\\app\\Views\\dashboard.php', 1)
 2 APPPATH\Views\dashboard.php(1): include()
 3 SYSTEMPATH\View\View.php(226): include('C:\\xampp\\htdocs\\CHAKANOKS\\app\\Views\\dashboard.php')
 4 SYSTEMPATH\View\View.php(229): CodeIgniter\View\View->CodeIgniter\View\{closure}()
 5 SYSTEMPATH\Common.php(1167): CodeIgniter\View\View->render('dashboard', [], true)
 6 APPPATH\Controllers\Home.php(17): view('dashboard')
 7 SYSTEMPATH\CodeIgniter.php(933): App\Controllers\Home->dashboard()
 8 SYSTEMPATH\CodeIgniter.php(507): CodeIgniter\CodeIgniter->runController(Object(App\Controllers\Home))
 9 SYSTEMPATH\CodeIgniter.php(354): CodeIgniter\CodeIgniter->handleRequest(null, Object(Config\Cache), false)
10 SYSTEMPATH\Boot.php(363): CodeIgniter\CodeIgniter->run()
11 SYSTEMPATH\Boot.php(68): CodeIgniter\Boot::runCodeIgniter(Object(CodeIgniter\CodeIgniter))
12 FCPATH\index.php(59): CodeIgniter\Boot::bootWeb(Object(Config\Paths))
